<?xml version="1.0" encoding="UTF-8"?>
<!-- Generated by org.testng.reporters.JUnitReportReporter -->
<testsuite hostname="DESKTOP-JK5UN39" failures="0" tests="4" name="DayTwo.Facebook" time="26.182" errors="0" timestamp="2025-07-24T23:49:56 IST" skipped="0">
  <testcase classname="DayTwo.Facebook" name="LoginFbTest" time="5.995"/>
  <testcase classname="DayTwo.Facebook" name="LoginFbTest" time="7.418"/>
  <testcase classname="DayTwo.Facebook" name="LoginFbTest" time="5.731"/>
  <testcase classname="DayTwo.Facebook" name="LoginFbTest" time="7.038"/>
</testsuite> <!-- DayTwo.Facebook -->
