<?xml version="1.0" encoding="UTF-8"?>
<!-- Generated by org.testng.reporters.JUnitReportReporter -->
<testsuite hostname="DESKTOP-JK5UN39" failures="0" tests="6" name="DayTwo.threadPoolSize" time="60.695" errors="0" timestamp="2025-07-24T23:38:24 IST" skipped="1">
  <testcase classname="DayTwo.threadPoolSize" name="create" time="12.263">
    <system-out>
      <![CDATA[Create Noida]]>
    </system-out>
  </testcase> <!-- create -->
  <testcase classname="DayTwo.threadPoolSize" name="create" time="12.204">
    <system-out>
      <![CDATA[Create Noida]]>
    </system-out>
  </testcase> <!-- create -->
  <testcase classname="DayTwo.threadPoolSize" name="create" time="12.042">
    <system-out>
      <![CDATA[Create Noida]]>
    </system-out>
  </testcase> <!-- create -->
  <testcase classname="DayTwo.threadPoolSize" name="create" time="12.125">
    <system-out>
      <![CDATA[Create Noida]]>
    </system-out>
  </testcase> <!-- create -->
  <testcase classname="DayTwo.threadPoolSize" name="create" time="12.061">
    <system-out>
      <![CDATA[Create Noida]]>
    </system-out>
  </testcase> <!-- create -->
  <testcase classname="DayTwo.threadPoolSize" name="delete">
    <skipped/>
  </testcase> <!-- delete -->
  <system-out>
    <![CDATA[Create Noida
Create Noida
Create Noida
Create Noida
Create Noida]]>
  </system-out>
</testsuite> <!-- DayTwo.threadPoolSize -->
