<?xml version="1.0" encoding="UTF-8"?>
<!-- Generated by org.testng.reporters.JUnitReportReporter -->
<testsuite hostname="DESKTOP-JK5UN39" failures="0" tests="3" name="DayTwo.PriorityKaiseLagtaHai" time="0.024" errors="0" timestamp="2025-07-24T23:10:04 IST" skipped="0">
  <testcase classname="DayTwo.PriorityKaiseLagtaHai" name="modify" time="0.002">
    <system-out>
      <![CDATA[ Grater Noida]]>
    </system-out>
  </testcase> <!-- modify -->
  <testcase classname="DayTwo.PriorityKaiseLagtaHai" name="create" time="0.016">
    <system-out>
      <![CDATA[Noida]]>
    </system-out>
  </testcase> <!-- create -->
  <testcase classname="DayTwo.PriorityKaiseLagtaHai" name="delete" time="0.006">
    <system-out>
      <![CDATA[Delhi]]>
    </system-out>
  </testcase> <!-- delete -->
  <system-out>
    <![CDATA[Noida
Delhi
 Grater Noida]]>
  </system-out>
</testsuite> <!-- DayTwo.PriorityKaiseLagtaHai -->
