<?xml version="1.0" encoding="UTF-8"?>
<!-- Generated by org.testng.reporters.JUnitReportReporter -->
<testsuite hostname="DESKTOP-JK5UN39" failures="0" tests="1" name="comcast.crm.contact.createContactText" time="8.691" errors="0" timestamp="2025-08-05T19:20:38 IST" skipped="0">
  <testcase classname="comcast.crm.contact.createContactText" name="createConTest" time="8.691"/>
</testsuite> <!-- comcast.crm.contact.createContactText -->
