<?xml version="1.0" encoding="UTF-8"?>
<!-- Generated by org.testng.reporters.JUnitReportReporter -->
<testsuite hostname="DESKTOP-JK5UN39" failures="0" tests="11" name="DayTwo.InvocationCountUse" time="0.074" errors="0" timestamp="2025-07-24T23:18:53 IST" skipped="1">
  <testcase classname="DayTwo.InvocationCountUse" name="create" time="0.005">
    <system-out>
      <![CDATA[Noida]]>
    </system-out>
  </testcase> <!-- create -->
  <testcase classname="DayTwo.InvocationCountUse" name="create" time="0.010">
    <system-out>
      <![CDATA[Noida]]>
    </system-out>
  </testcase> <!-- create -->
  <testcase classname="DayTwo.InvocationCountUse" name="create" time="0.008">
    <system-out>
      <![CDATA[Noida]]>
    </system-out>
  </testcase> <!-- create -->
  <testcase classname="DayTwo.InvocationCountUse" name="create" time="0.004">
    <system-out>
      <![CDATA[Noida]]>
    </system-out>
  </testcase> <!-- create -->
  <testcase classname="DayTwo.InvocationCountUse" name="create" time="0.007">
    <system-out>
      <![CDATA[Noida]]>
    </system-out>
  </testcase> <!-- create -->
  <testcase classname="DayTwo.InvocationCountUse" name="create" time="0.023">
    <system-out>
      <![CDATA[Noida]]>
    </system-out>
  </testcase> <!-- create -->
  <testcase classname="DayTwo.InvocationCountUse" name="create" time="0.003">
    <system-out>
      <![CDATA[Noida]]>
    </system-out>
  </testcase> <!-- create -->
  <testcase classname="DayTwo.InvocationCountUse" name="create" time="0.006">
    <system-out>
      <![CDATA[Noida]]>
    </system-out>
  </testcase> <!-- create -->
  <testcase classname="DayTwo.InvocationCountUse" name="create" time="0.004">
    <system-out>
      <![CDATA[Noida]]>
    </system-out>
  </testcase> <!-- create -->
  <testcase classname="DayTwo.InvocationCountUse" name="create" time="0.004">
    <system-out>
      <![CDATA[Noida]]>
    </system-out>
  </testcase> <!-- create -->
  <testcase classname="DayTwo.InvocationCountUse" name="delete">
    <skipped/>
  </testcase> <!-- delete -->
  <system-out>
    <![CDATA[Noida
Noida
Noida
Noida
Noida
Noida
Noida
Noida
Noida
Noida]]>
  </system-out>
</testsuite> <!-- DayTwo.InvocationCountUse -->
