<?xml version="1.0" encoding="UTF-8"?>
<!-- Generated by org.testng.reporters.JUnitReportReporter -->
<testsuite hostname="DESKTOP-JK5UN39" failures="0" tests="1" name="AdvanceReportGenerate.Facebook" time="0.868" errors="0" timestamp="2025-08-07T23:44:46 IST" skipped="0">
  <testcase classname="AdvanceReportGenerate.Facebook" name="adRep" time="0.868"/>
</testsuite> <!-- AdvanceReportGenerate.Facebook -->
