<?xml version="1.0" encoding="UTF-8"?>
<!-- Generated by org.testng.reporters.JUnitReportReporter -->
<testsuite hostname="DESKTOP-JK5UN39" failures="0" tests="5" name="DayThreeDataProvider.DemoDataProvider" time="39.112" errors="0" timestamp="2025-07-29T00:10:44 IST" skipped="0">
  <testcase classname="DayThreeDataProvider.DemoDataProvider" name="loginToFB" time="9.284"/>
  <testcase classname="DayThreeDataProvider.DemoDataProvider" name="loginToFB" time="4.146"/>
  <testcase classname="DayThreeDataProvider.DemoDataProvider" name="loginToFB" time="11.397"/>
  <testcase classname="DayThreeDataProvider.DemoDataProvider" name="loginToFB" time="7.345"/>
  <testcase classname="DayThreeDataProvider.DemoDataProvider" name="loginToFB" time="6.940"/>
</testsuite> <!-- DayThreeDataProvider.DemoDataProvider -->
