<?xml version="1.0" encoding="UTF-8"?>
<!-- Generated by org.testng.reporters.JUnitReportReporter -->
<testsuite hostname="DESKTOP-JK5UN39" failures="0" tests="2" name="GroupExecution.GroupExecutionTest1" time="5.365" errors="0" timestamp="2025-07-28T20:01:02 IST" skipped="0">
  <testcase classname="GroupExecution.GroupExecutionTest1" name="case1" time="2.538"/>
  <testcase classname="GroupExecution.GroupExecutionTest1" name="case2" time="2.827"/>
</testsuite> <!-- GroupExecution.GroupExecutionTest1 -->
