<?xml version="1.0" encoding="UTF-8"?>
<!-- Generated by org.testng.reporters.JUnitReportReporter -->
<testsuite hostname="DESKTOP-JK5UN39" failures="0" tests="2" name="ParallelExecution.ParallelExecution2" time="6.428" errors="0" timestamp="2025-07-29T00:13:45 IST" skipped="0">
  <testcase classname="ParallelExecution.ParallelExecution2" name="case6" time="3.077"/>
  <testcase classname="ParallelExecution.ParallelExecution2" name="case5" time="3.351"/>
</testsuite> <!-- ParallelExecution.ParallelExecution2 -->
