<?xml version="1.0" encoding="UTF-8"?>
<!-- Generated by org.testng.reporters.JUnitReportReporter -->
<testsuite hostname="DESKTOP-JK5UN39" failures="0" tests="1" name="base_utility.BaseClass" time="0.008" errors="0" timestamp="2025-08-01T10:25:38 IST" skipped="0">
  <testcase classname="base_utility.BaseClass" name="createOrg" time="0.008"/>
</testsuite> <!-- base_utility.BaseClass -->
