<?xml version="1.0" encoding="UTF-8"?>
<!-- Generated by org.testng.reporters.JUnitReportReporter -->
<testsuite hostname="DESKTOP-JK5UN39" failures="0" tests="1" name="GroupExecution.GroupExecutionTest2" time="2.601" errors="0" timestamp="2025-07-28T20:01:02 IST" skipped="0">
  <testcase classname="GroupExecution.GroupExecutionTest2" name="case2" time="2.601"/>
</testsuite> <!-- GroupExecution.GroupExecutionTest2 -->
