<?xml version="1.0" encoding="UTF-8"?>
<!-- Generated by org.testng.reporters.JUnitReportReporter -->
<testsuite hostname="DESKTOP-JK5UN39" failures="0" tests="1" name="Extera.A" time="0.006" errors="0" timestamp="2025-08-01T10:43:04 IST" skipped="0">
  <testcase classname="Extera.A" name="execute" time="0.006"/>
</testsuite> <!-- Extera.A -->
