<?xml version="1.0" encoding="UTF-8"?>
<!-- Generated by org.testng.reporters.JUnitReportReporter -->
<testsuite hostname="DESKTOP-JK5UN39" failures="0" tests="2" name="DayOne.Browser" time="14.268" errors="0" timestamp="2025-07-23T22:11:32 IST" skipped="0">
  <testcase classname="DayOne.Browser" name="caes2" time="8.503">
    <system-out>
      <![CDATA[REPOET MAI LIKHA JAYEGA...]]>
    </system-out>
  </testcase> <!-- caes2 -->
  <testcase classname="DayOne.Browser" name="caes1" time="5.765">
    <system-out>
      <![CDATA[CONSOLE...]]>
    </system-out>
  </testcase> <!-- caes1 -->
  <system-out>
    <![CDATA[CONSOLE...
REPOET MAI LIKHA JAYEGA...]]>
  </system-out>
</testsuite> <!-- DayOne.Browser -->
