<?xml version="1.0" encoding="UTF-8"?>
<!-- Generated by org.testng.reporters.JUnitReportReporter -->
<testsuite hostname="DESKTOP-JK5UN39" failures="0" tests="1" name="Working_With_Assertion.WorkingWith_SoftAssert" time="0.020" errors="0" timestamp="2025-08-10T12:33:23 IST" skipped="0">
  <testcase classname="Working_With_Assertion.WorkingWith_SoftAssert" name="case1" time="0.020"/>
</testsuite> <!-- Working_With_Assertion.WorkingWith_SoftAssert -->
