<?xml version="1.0" encoding="UTF-8"?>
<!-- Generated by org.testng.reporters.JUnitReportReporter -->
<testsuite hostname="DESKTOP-JK5UN39" failures="0" tests="2" name="ParallelExecution.ParallelExecution" time="8.330" errors="0" timestamp="2025-07-29T00:13:45 IST" skipped="0">
  <testcase classname="ParallelExecution.ParallelExecution" name="case2" time="3.424"/>
  <testcase classname="ParallelExecution.ParallelExecution" name="case1" time="4.906"/>
</testsuite> <!-- ParallelExecution.ParallelExecution -->
