<?xml version="1.0" encoding="UTF-8"?>
<!-- Generated by org.testng.reporters.JUnitReportReporter -->
<testsuite hostname="DESKTOP-JK5UN39" failures="0" tests="2" name="DayThree.BatchExecutionTest4" time="5.864" errors="0" timestamp="2025-07-28T19:44:22 IST" skipped="0">
  <testcase classname="DayThree.BatchExecutionTest4" name="case1" time="3.374"/>
  <testcase classname="DayThree.BatchExecutionTest4" name="case2" time="2.490"/>
</testsuite> <!-- DayThree.BatchExecutionTest4 -->
