<?xml version="1.0" encoding="UTF-8"?>
<!-- Generated by org.testng.reporters.JUnitReportReporter -->
<testsuite hostname="DESKTOP-JK5UN39" failures="0" tests="2" name="ParallelExecution.ParallelExecution3" time="5.724" errors="0" timestamp="2025-07-29T00:13:45 IST" skipped="0">
  <testcase classname="ParallelExecution.ParallelExecution3" name="case7" time="3.036"/>
  <testcase classname="ParallelExecution.ParallelExecution3" name="case8" time="2.688"/>
</testsuite> <!-- ParallelExecution.ParallelExecution3 -->
