<?xml version="1.0" encoding="UTF-8"?>
<!-- Generated by org.testng.reporters.JUnitReportReporter -->
<testsuite hostname="DESKTOP-JK5UN39" failures="0" tests="2" name="ParallelExecution.ParallelExecution1" time="5.732" errors="0" timestamp="2025-07-29T00:13:45 IST" skipped="0">
  <testcase classname="ParallelExecution.ParallelExecution1" name="case3" time="2.860"/>
  <testcase classname="ParallelExecution.ParallelExecution1" name="case4" time="2.872"/>
</testsuite> <!-- ParallelExecution.ParallelExecution1 -->
