<?xml version="1.0" encoding="UTF-8"?>
<!-- Generated by org.testng.reporters.JUnitReportReporter -->
<testsuite hostname="DESKTOP-JK5UN39" failures="0" tests="1" name="Mock.TakeScreenshot" time="8.127" errors="0" timestamp="2025-07-25T13:28:40 IST" skipped="0">
  <testcase classname="Mock.TakeScreenshot" name="screenshot" time="8.127"/>
</testsuite> <!-- Mock.TakeScreenshot -->
