<?xml version="1.0" encoding="UTF-8"?>
<!-- Generated by org.testng.reporters.JUnitReportReporter -->
<testsuite hostname="DESKTOP-JK5UN39" failures="0" tests="1" name="Mock.NotificationPopup" time="33.814" errors="0" timestamp="2025-08-05T23:45:03 IST" skipped="0">
  <testcase classname="Mock.NotificationPopup" name="show" time="33.814"/>
</testsuite> <!-- Mock.NotificationPopup -->
