<?xml version="1.0" encoding="UTF-8"?>
<!-- Generated by org.testng.reporters.JUnitReportReporter -->
<testsuite hostname="DESKTOP-JK5UN39" failures="0" tests="1" name="TakeScreenshot.Instgram" time="8.807" errors="0" timestamp="2025-08-01T23:23:39 IST" skipped="0">
  <testcase classname="TakeScreenshot.Instgram" name="show" time="8.807"/>
</testsuite> <!-- TakeScreenshot.Instgram -->
