<?xml version="1.0" encoding="UTF-8"?>
<!-- Generated by org.testng.reporters.JUnitReportReporter -->
<testsuite hostname="DESKTOP-JK5UN39" failures="0" tests="1" name="JavaSceipt1.Demo" time="13.671" errors="0" timestamp="2025-08-05T23:47:10 IST" skipped="0">
  <testcase classname="JavaSceipt1.Demo" name="Facebook" time="13.671"/>
</testsuite> <!-- JavaSceipt1.Demo -->
