<?xml version="1.0" encoding="UTF-8"?>
<!-- Generated by org.testng.reporters.JUnitReportReporter -->
<testsuite hostname="DESKTOP-JK5UN39" failures="0" tests="1" name="Mock.JavaScriptExecuter" time="7.070" errors="0" timestamp="2025-08-05T23:46:17 IST" skipped="0">
  <testcase classname="Mock.JavaScriptExecuter" name="show" time="7.070"/>
</testsuite> <!-- Mock.JavaScriptExecuter -->
